<?xml version="1.0" encoding="UTF-8"?>
<testsuite name="comp3111.covid.TesterController" tests="1" skipped="0" failures="0" errors="0" timestamp="2022-04-30T06:14:22" hostname="LAPTOP-BBJ23NCS" time="8.598">
  <properties/>
  <testcase name="test1" classname="comp3111.covid.TesterController" time="8.598"/>
  <system-out><![CDATA[]]></system-out>
  <system-err><![CDATA[]]></system-err>
</testsuite>
