<?xml version="1.0" encoding="UTF-8"?>
<testsuite name="comp3111.covid.TesterTaskA1" tests="3" skipped="0" failures="0" errors="0" timestamp="2022-04-30T06:14:30" hostname="LAPTOP-BBJ23NCS" time="11.568">
  <properties/>
  <testcase name="test1" classname="comp3111.covid.TesterTaskA1" time="4.457"/>
  <testcase name="test2" classname="comp3111.covid.TesterTaskA1" time="3.66"/>
  <testcase name="test3" classname="comp3111.covid.TesterTaskA1" time="3.451"/>
  <system-out><![CDATA[]]></system-out>
  <system-err><![CDATA[]]></system-err>
</testsuite>
